================================================================================
Appcelerator Titanium Diagnostics Build Log
The contents of this file are useful to send to Appcelerator Support if
reporting an issue to help us understand your environment, build settings
and aid in debugging. Please attach this log to any issue that you report.
================================================================================

Starting build at 02/05/12 14:58

Build details:

   timestamp=11/02/11 17:00
   version=1.7.5
   githash=ab20af7


Script arguments:
   /Users/nozawabit/Library/Application Support/Titanium/mobilesdk/osx/1.7.5/iphone/builder.py
   simulator
   5.0
   /Users/nozawabit/Dropbox/Lootopia/Source/ver1
   com.lootopia.ver1
   lootopia
   universal
   iphone
   

Building from: /Users/nozawabit/Library/Application Support/Titanium/mobilesdk/osx/1.7.5/iphone
Platform: Darwin Kernel Version 11.2.0: Tue Aug  9 20:54:00 PDT 2011; root:xnu-1699.24.8~1/RELEASE_X86_64

Xcode path is: /Developer


githash=ab20af7, existing_git_hash=ab20af7
writing contents of /Users/nozawabit/Dropbox/Lootopia/Source/ver1/build/iphone/project.xcconfig:

TI_VERSION=1.7.5
TI_SDK_DIR=/Users/nozawabit/Library/Application Support/Titanium/mobilesdk/osx/$(TI_VERSION)/iphone
TI_APPID=com.lootopia.ver1
OTHER_LDFLAGS[sdk=iphoneos*]=$(inherited) -weak_framework iAd
OTHER_LDFLAGS[sdk=iphonesimulator*]=$(inherited) -weak_framework iAd
#include "module"

old contents


Generated the following stylecode code:

<?xml version="1.0" encoding="UTF-8"?>
<!DOCTYPE plist PUBLIC "-//Apple//DTD PLIST 1.0//EN" "http://www.apple.com/DTDs/PropertyList-1.0.dtd">
<plist version="1.0">
	<dict>
		<key>classes</key>
		<dict>
</dict>

		<key>classes_density</key>
		<dict>
</dict>

		<key>ids</key>
		<dict>
</dict>

		<key>ids_density</key>
		<dict>
</dict>

		<key>tags</key>
		<dict>
</dict>

		<key>tags_density</key>
		<dict>
</dict>

	</dict>
</plist>
Finishing build
